2017-04-07 20:44:39,934 -- ework.cloud.config.client.ConfigServicePropertySourceLocator [ 80] -- Fetching config from server at: http://localhost:7001/
2017-04-07 20:44:40,147 -- org.springframework.boot.SpringApplication                   [665] -- The following profiles are active: dev
2017-04-07 20:44:40,185 -- g.springframework.context.support.AbstractApplicationContext [581] -- Refreshing org.springframework.boot.context.embedded.AnnotationConfigEmbeddedWebApplicationContext@5d018107: startup date [Fri Apr 07 20:44:40 CST 2017]; parent: org.springframework.context.annotation.AnnotationConfigApplicationContext@43dac38f
2017-04-07 20:44:42,319 -- ework.data.repository.config.RepositoryConfigurationDelegate [170] -- Multiple Spring Data modules found, entering strict repository configuration mode!
2017-04-07 20:44:42,954 -- org.springframework.cloud.context.scope.GenericScope         [263] -- BeanFactory id=31ba1c34-9184-386c-9d33-b480e58c6aa4
2017-04-07 20:44:42,978 -- eans.factory.annotation.AutowiredAnnotationBeanPostProcessor [155] -- JSR-330 'javax.inject.Inject' annotation found and supported for autowiring
2017-04-07 20:44:43,057 -- t.PostProcessorRegistrationDelegate$BeanPostProcessorChecker [328] -- Bean 'app' of type [class com.gjjf.commonservice.userCenter.App$$EnhancerBySpringCGLIB$$c0c4d881] is not eligible for getting processed by all BeanPostProcessors (for example: not eligible for auto-proxying)
2017-04-07 20:44:43,109 -- t.PostProcessorRegistrationDelegate$BeanPostProcessorChecker [328] -- Bean 'org.springframework.amqp.rabbit.annotation.RabbitBootstrapConfiguration' of type [class org.springframework.amqp.rabbit.annotation.RabbitBootstrapConfiguration$$EnhancerBySpringCGLIB$$40adb511] is not eligible for getting processed by all BeanPostProcessors (for example: not eligible for auto-proxying)
2017-04-07 20:44:43,348 -- t.PostProcessorRegistrationDelegate$BeanPostProcessorChecker [328] -- Bean 'org.springframework.transaction.annotation.ProxyTransactionManagementConfiguration' of type [class org.springframework.transaction.annotation.ProxyTransactionManagementConfiguration$$EnhancerBySpringCGLIB$$7a41f6e3] is not eligible for getting processed by all BeanPostProcessors (for example: not eligible for auto-proxying)
2017-04-07 20:44:43,455 -- t.PostProcessorRegistrationDelegate$BeanPostProcessorChecker [328] -- Bean 'org.springframework.cloud.autoconfigure.ConfigurationPropertiesRebinderAutoConfiguration' of type [class org.springframework.cloud.autoconfigure.ConfigurationPropertiesRebinderAutoConfiguration$$EnhancerBySpringCGLIB$$965bf9e0] is not eligible for getting processed by all BeanPostProcessors (for example: not eligible for auto-proxying)
2017-04-07 20:44:44,016 -- .boot.context.embedded.tomcat.TomcatEmbeddedServletContainer [ 87] -- Tomcat initialized with port(s): 8061 (http)
2017-04-07 20:44:44,039 -- org.apache.juli.logging.DirectJDKLog                         [179] -- Starting service Tomcat
2017-04-07 20:44:44,041 -- org.apache.juli.logging.DirectJDKLog                         [179] -- Starting Servlet Engine: Apache Tomcat/8.5.5
2017-04-07 20:44:44,237 -- org.apache.juli.logging.DirectJDKLog                         [179] -- Initializing Spring embedded WebApplicationContext
2017-04-07 20:44:44,238 -- ramework.boot.context.embedded.EmbeddedWebApplicationContext [276] -- Root WebApplicationContext: initialization completed in 4053 ms
2017-04-07 20:44:44,814 -- org.springframework.boot.web.servlet.ServletRegistrationBean [190] -- Mapping servlet: 'dispatcherServlet' to [/]
2017-04-07 20:44:44,822 -- ingframework.boot.web.servlet.AbstractFilterRegistrationBean [258] -- Mapping filter: 'metricsFilter' to: [/*]
2017-04-07 20:44:44,823 -- ingframework.boot.web.servlet.AbstractFilterRegistrationBean [258] -- Mapping filter: 'characterEncodingFilter' to: [/*]
2017-04-07 20:44:44,824 -- ingframework.boot.web.servlet.AbstractFilterRegistrationBean [258] -- Mapping filter: 'hiddenHttpMethodFilter' to: [/*]
2017-04-07 20:44:44,824 -- ingframework.boot.web.servlet.AbstractFilterRegistrationBean [258] -- Mapping filter: 'httpPutFormContentFilter' to: [/*]
2017-04-07 20:44:44,827 -- ingframework.boot.web.servlet.AbstractFilterRegistrationBean [258] -- Mapping filter: 'requestContextFilter' to: [/*]
2017-04-07 20:44:44,827 -- ingframework.boot.web.servlet.AbstractFilterRegistrationBean [258] -- Mapping filter: 'webRequestLoggingFilter' to: [/*]
2017-04-07 20:44:44,828 -- ingframework.boot.web.servlet.AbstractFilterRegistrationBean [258] -- Mapping filter: 'applicationContextIdFilter' to: [/*]
2017-04-07 20:44:44,917 -- org.apache.juli.logging.DirectJDKLog                         [179] -- Stopping service Tomcat
2017-04-07 20:44:44,982 -- oconfigure.logging.AutoConfigurationReportLoggingInitializer [101] -- 

Error starting ApplicationContext. To display the auto-configuration report re-run your application with 'debug' enabled.
2017-04-07 20:45:25,679 -- ework.cloud.config.client.ConfigServicePropertySourceLocator [ 80] -- Fetching config from server at: http://localhost:7001/
2017-04-07 20:45:26,363 -- ework.cloud.config.client.ConfigServicePropertySourceLocator [ 94] -- Located environment: name=jdbc,redis,rabbitmq, profiles=[dev], label=null, version=null, state=null
2017-04-07 20:45:26,364 -- .cloud.bootstrap.config.PropertySourceBootstrapConfiguration [ 93] -- Located property source: CompositePropertySource [name='configService', propertySources=[MapPropertySource [name='classpath:/rabbitmq-dev.properties'], MapPropertySource [name='classpath:/redis-dev.properties'], MapPropertySource [name='classpath:/jdbc-dev.properties']]]
2017-04-07 20:45:26,406 -- org.springframework.boot.SpringApplication                   [665] -- The following profiles are active: dev
2017-04-07 20:45:26,431 -- g.springframework.context.support.AbstractApplicationContext [581] -- Refreshing org.springframework.boot.context.embedded.AnnotationConfigEmbeddedWebApplicationContext@62435e70: startup date [Fri Apr 07 20:45:26 CST 2017]; parent: org.springframework.context.annotation.AnnotationConfigApplicationContext@43dac38f
2017-04-07 20:45:29,475 -- ework.data.repository.config.RepositoryConfigurationDelegate [170] -- Multiple Spring Data modules found, entering strict repository configuration mode!
2017-04-07 20:45:30,056 -- org.springframework.cloud.context.scope.GenericScope         [263] -- BeanFactory id=31ba1c34-9184-386c-9d33-b480e58c6aa4
2017-04-07 20:45:30,095 -- eans.factory.annotation.AutowiredAnnotationBeanPostProcessor [155] -- JSR-330 'javax.inject.Inject' annotation found and supported for autowiring
2017-04-07 20:45:30,184 -- t.PostProcessorRegistrationDelegate$BeanPostProcessorChecker [328] -- Bean 'app' of type [class com.gjjf.commonservice.userCenter.App$$EnhancerBySpringCGLIB$$c0c4d881] is not eligible for getting processed by all BeanPostProcessors (for example: not eligible for auto-proxying)
2017-04-07 20:45:30,246 -- t.PostProcessorRegistrationDelegate$BeanPostProcessorChecker [328] -- Bean 'org.springframework.amqp.rabbit.annotation.RabbitBootstrapConfiguration' of type [class org.springframework.amqp.rabbit.annotation.RabbitBootstrapConfiguration$$EnhancerBySpringCGLIB$$40adb511] is not eligible for getting processed by all BeanPostProcessors (for example: not eligible for auto-proxying)
2017-04-07 20:45:30,407 -- t.PostProcessorRegistrationDelegate$BeanPostProcessorChecker [328] -- Bean 'org.springframework.transaction.annotation.ProxyTransactionManagementConfiguration' of type [class org.springframework.transaction.annotation.ProxyTransactionManagementConfiguration$$EnhancerBySpringCGLIB$$7a41f6e3] is not eligible for getting processed by all BeanPostProcessors (for example: not eligible for auto-proxying)
2017-04-07 20:45:30,512 -- t.PostProcessorRegistrationDelegate$BeanPostProcessorChecker [328] -- Bean 'org.springframework.cloud.autoconfigure.ConfigurationPropertiesRebinderAutoConfiguration' of type [class org.springframework.cloud.autoconfigure.ConfigurationPropertiesRebinderAutoConfiguration$$EnhancerBySpringCGLIB$$965bf9e0] is not eligible for getting processed by all BeanPostProcessors (for example: not eligible for auto-proxying)
2017-04-07 20:45:31,036 -- .boot.context.embedded.tomcat.TomcatEmbeddedServletContainer [ 87] -- Tomcat initialized with port(s): 8061 (http)
2017-04-07 20:45:31,053 -- org.apache.juli.logging.DirectJDKLog                         [179] -- Starting service Tomcat
2017-04-07 20:45:31,055 -- org.apache.juli.logging.DirectJDKLog                         [179] -- Starting Servlet Engine: Apache Tomcat/8.5.5
2017-04-07 20:45:31,372 -- org.apache.juli.logging.DirectJDKLog                         [179] -- Initializing Spring embedded WebApplicationContext
2017-04-07 20:45:31,373 -- ramework.boot.context.embedded.EmbeddedWebApplicationContext [276] -- Root WebApplicationContext: initialization completed in 4942 ms
2017-04-07 20:45:31,790 -- org.springframework.boot.web.servlet.ServletRegistrationBean [190] -- Mapping servlet: 'dispatcherServlet' to [/]
2017-04-07 20:45:31,798 -- ingframework.boot.web.servlet.AbstractFilterRegistrationBean [258] -- Mapping filter: 'metricsFilter' to: [/*]
2017-04-07 20:45:31,799 -- ingframework.boot.web.servlet.AbstractFilterRegistrationBean [258] -- Mapping filter: 'characterEncodingFilter' to: [/*]
2017-04-07 20:45:31,800 -- ingframework.boot.web.servlet.AbstractFilterRegistrationBean [258] -- Mapping filter: 'hiddenHttpMethodFilter' to: [/*]
2017-04-07 20:45:31,800 -- ingframework.boot.web.servlet.AbstractFilterRegistrationBean [258] -- Mapping filter: 'httpPutFormContentFilter' to: [/*]
2017-04-07 20:45:31,800 -- ingframework.boot.web.servlet.AbstractFilterRegistrationBean [258] -- Mapping filter: 'requestContextFilter' to: [/*]
2017-04-07 20:45:31,800 -- ingframework.boot.web.servlet.AbstractFilterRegistrationBean [258] -- Mapping filter: 'webRequestLoggingFilter' to: [/*]
2017-04-07 20:45:31,801 -- ingframework.boot.web.servlet.AbstractFilterRegistrationBean [258] -- Mapping filter: 'applicationContextIdFilter' to: [/*]
2017-04-07 20:45:33,002 -- com.gjjf.commonservice.userCenter.rabbitMq.RabbitMqQueue     [ 31] -- 会员中心消息队列的名称:"userCenter"
2017-04-07 20:45:33,013 -- com.gjjf.commonservice.userCenter.rabbitMq.RabbitMqQueue     [ 39] -- 会员信息消息队列的名称:userInfo
2017-04-07 20:45:34,175 -- b.servlet.mvc.method.annotation.RequestMappingHandlerAdapter [534] -- Looking for @ControllerAdvice: org.springframework.boot.context.embedded.AnnotationConfigEmbeddedWebApplicationContext@62435e70: startup date [Fri Apr 07 20:45:26 CST 2017]; parent: org.springframework.context.annotation.AnnotationConfigApplicationContext@43dac38f
2017-04-07 20:45:34,365 -- servlet.handler.AbstractHandlerMethodMapping$MappingRegistry [543] -- Mapped "{[/user/get],methods=[GET]}" onto public com.gjjf.framework.rest.Result com.gjjf.commonservice.userCenter.web.UserController.get(java.lang.Long)
2017-04-07 20:45:34,366 -- servlet.handler.AbstractHandlerMethodMapping$MappingRegistry [543] -- Mapped "{[/user/insert],methods=[POST]}" onto public com.gjjf.framework.rest.Result com.gjjf.commonservice.userCenter.web.UserController.insert(com.gjjf.userCenter.common.vo.user.UserVO)
2017-04-07 20:45:34,367 -- servlet.handler.AbstractHandlerMethodMapping$MappingRegistry [543] -- Mapped "{[/user/send],methods=[GET]}" onto public com.gjjf.framework.rest.Result com.gjjf.commonservice.userCenter.web.UserController.send(com.gjjf.userCenter.common.vo.user.UserVO)
2017-04-07 20:45:34,370 -- servlet.handler.AbstractHandlerMethodMapping$MappingRegistry [543] -- Mapped "{[/error]}" onto public org.springframework.http.ResponseEntity<java.util.Map<java.lang.String, java.lang.Object>> org.springframework.boot.autoconfigure.web.BasicErrorController.error(javax.servlet.http.HttpServletRequest)
2017-04-07 20:45:34,371 -- servlet.handler.AbstractHandlerMethodMapping$MappingRegistry [543] -- Mapped "{[/error],produces=[text/html]}" onto public org.springframework.web.servlet.ModelAndView org.springframework.boot.autoconfigure.web.BasicErrorController.errorHtml(javax.servlet.http.HttpServletRequest,javax.servlet.http.HttpServletResponse)
2017-04-07 20:45:34,442 -- pringframework.web.servlet.handler.AbstractUrlHandlerMapping [354] -- Mapped URL path [/webjars/**] onto handler of type [class org.springframework.web.servlet.resource.ResourceHttpRequestHandler]
2017-04-07 20:45:34,442 -- pringframework.web.servlet.handler.AbstractUrlHandlerMapping [354] -- Mapped URL path [/**] onto handler of type [class org.springframework.web.servlet.resource.ResourceHttpRequestHandler]
2017-04-07 20:45:34,521 -- pringframework.web.servlet.handler.AbstractUrlHandlerMapping [354] -- Mapped URL path [/**/favicon.ico] onto handler of type [class org.springframework.web.servlet.resource.ResourceHttpRequestHandler]
2017-04-07 20:45:35,810 -- servlet.handler.AbstractHandlerMethodMapping$MappingRegistry [543] -- Mapped "{[/archaius || /archaius.json],methods=[GET],produces=[application/json]}" onto public java.lang.Object org.springframework.boot.actuate.endpoint.mvc.EndpointMvcAdapter.invoke()
2017-04-07 20:45:35,812 -- servlet.handler.AbstractHandlerMethodMapping$MappingRegistry [543] -- Mapped "{[/mappings || /mappings.json],methods=[GET],produces=[application/json]}" onto public java.lang.Object org.springframework.boot.actuate.endpoint.mvc.EndpointMvcAdapter.invoke()
2017-04-07 20:45:35,813 -- servlet.handler.AbstractHandlerMethodMapping$MappingRegistry [543] -- Mapped "{[/info || /info.json],methods=[GET],produces=[application/json]}" onto public java.lang.Object org.springframework.boot.actuate.endpoint.mvc.EndpointMvcAdapter.invoke()
2017-04-07 20:45:35,815 -- servlet.handler.AbstractHandlerMethodMapping$MappingRegistry [543] -- Mapped "{[/resume || /resume.json],methods=[POST]}" onto public java.lang.Object org.springframework.cloud.endpoint.GenericPostableMvcEndpoint.invoke()
2017-04-07 20:45:35,816 -- servlet.handler.AbstractHandlerMethodMapping$MappingRegistry [543] -- Mapped "{[/beans || /beans.json],methods=[GET],produces=[application/json]}" onto public java.lang.Object org.springframework.boot.actuate.endpoint.mvc.EndpointMvcAdapter.invoke()
2017-04-07 20:45:35,817 -- servlet.handler.AbstractHandlerMethodMapping$MappingRegistry [543] -- Mapped "{[/heapdump || /heapdump.json],methods=[GET],produces=[application/octet-stream]}" onto public void org.springframework.boot.actuate.endpoint.mvc.HeapdumpMvcEndpoint.invoke(boolean,javax.servlet.http.HttpServletRequest,javax.servlet.http.HttpServletResponse) throws java.io.IOException,javax.servlet.ServletException
2017-04-07 20:45:35,818 -- servlet.handler.AbstractHandlerMethodMapping$MappingRegistry [543] -- Mapped "{[/refresh || /refresh.json],methods=[POST]}" onto public java.lang.Object org.springframework.cloud.endpoint.GenericPostableMvcEndpoint.invoke()
2017-04-07 20:45:35,820 -- servlet.handler.AbstractHandlerMethodMapping$MappingRegistry [543] -- Mapped "{[/env/{name:.*}],methods=[GET],produces=[application/json]}" onto public java.lang.Object org.springframework.boot.actuate.endpoint.mvc.EnvironmentMvcEndpoint.value(java.lang.String)
2017-04-07 20:45:35,821 -- servlet.handler.AbstractHandlerMethodMapping$MappingRegistry [543] -- Mapped "{[/env || /env.json],methods=[GET],produces=[application/json]}" onto public java.lang.Object org.springframework.boot.actuate.endpoint.mvc.EndpointMvcAdapter.invoke()
2017-04-07 20:45:35,822 -- servlet.handler.AbstractHandlerMethodMapping$MappingRegistry [543] -- Mapped "{[/autoconfig || /autoconfig.json],methods=[GET],produces=[application/json]}" onto public java.lang.Object org.springframework.boot.actuate.endpoint.mvc.EndpointMvcAdapter.invoke()
2017-04-07 20:45:35,830 -- servlet.handler.AbstractHandlerMethodMapping$MappingRegistry [543] -- Mapped "{[/features || /features.json],methods=[GET],produces=[application/json]}" onto public java.lang.Object org.springframework.boot.actuate.endpoint.mvc.EndpointMvcAdapter.invoke()
2017-04-07 20:45:35,832 -- servlet.handler.AbstractHandlerMethodMapping$MappingRegistry [543] -- Mapped "{[/health || /health.json],produces=[application/json]}" onto public java.lang.Object org.springframework.boot.actuate.endpoint.mvc.HealthMvcEndpoint.invoke(java.security.Principal)
2017-04-07 20:45:35,835 -- servlet.handler.AbstractHandlerMethodMapping$MappingRegistry [543] -- Mapped "{[/restart || /restart.json],methods=[POST]}" onto public java.lang.Object org.springframework.cloud.context.restart.RestartMvcEndpoint.invoke()
2017-04-07 20:45:35,837 -- servlet.handler.AbstractHandlerMethodMapping$MappingRegistry [543] -- Mapped "{[/pause || /pause.json],methods=[POST]}" onto public java.lang.Object org.springframework.cloud.endpoint.GenericPostableMvcEndpoint.invoke()
2017-04-07 20:45:35,838 -- servlet.handler.AbstractHandlerMethodMapping$MappingRegistry [543] -- Mapped "{[/env],methods=[POST]}" onto public java.lang.Object org.springframework.cloud.context.environment.EnvironmentManagerMvcEndpoint.value(java.util.Map<java.lang.String, java.lang.String>)
2017-04-07 20:45:35,838 -- servlet.handler.AbstractHandlerMethodMapping$MappingRegistry [543] -- Mapped "{[/env/reset],methods=[POST]}" onto public java.util.Map<java.lang.String, java.lang.Object> org.springframework.cloud.context.environment.EnvironmentManagerMvcEndpoint.reset()
2017-04-07 20:45:35,842 -- servlet.handler.AbstractHandlerMethodMapping$MappingRegistry [543] -- Mapped "{[/trace || /trace.json],methods=[GET],produces=[application/json]}" onto public java.lang.Object org.springframework.boot.actuate.endpoint.mvc.EndpointMvcAdapter.invoke()
2017-04-07 20:45:35,844 -- servlet.handler.AbstractHandlerMethodMapping$MappingRegistry [543] -- Mapped "{[/configprops || /configprops.json],methods=[GET],produces=[application/json]}" onto public java.lang.Object org.springframework.boot.actuate.endpoint.mvc.EndpointMvcAdapter.invoke()
2017-04-07 20:45:35,846 -- servlet.handler.AbstractHandlerMethodMapping$MappingRegistry [543] -- Mapped "{[/metrics/{name:.*}],methods=[GET],produces=[application/json]}" onto public java.lang.Object org.springframework.boot.actuate.endpoint.mvc.MetricsMvcEndpoint.value(java.lang.String)
2017-04-07 20:45:35,846 -- servlet.handler.AbstractHandlerMethodMapping$MappingRegistry [543] -- Mapped "{[/metrics || /metrics.json],methods=[GET],produces=[application/json]}" onto public java.lang.Object org.springframework.boot.actuate.endpoint.mvc.EndpointMvcAdapter.invoke()
2017-04-07 20:45:35,847 -- servlet.handler.AbstractHandlerMethodMapping$MappingRegistry [543] -- Mapped "{[/dump || /dump.json],methods=[GET],produces=[application/json]}" onto public java.lang.Object org.springframework.boot.actuate.endpoint.mvc.EndpointMvcAdapter.invoke()
2017-04-07 20:45:36,257 -- org.springframework.ui.freemarker.SpringTemplateLoader       [ 61] -- SpringTemplateLoader for FreeMarker: using resource loader [org.springframework.boot.context.embedded.AnnotationConfigEmbeddedWebApplicationContext@62435e70: startup date [Fri Apr 07 20:45:26 CST 2017]; parent: org.springframework.context.annotation.AnnotationConfigApplicationContext@43dac38f] and template loader path [classpath:/templates/]
2017-04-07 20:45:36,259 -- ngframework.web.servlet.view.freemarker.FreeMarkerConfigurer [127] -- ClassTemplateLoader for Spring macros added to FreeMarker configuration
2017-04-07 20:45:36,513 -- com.netflix.config.sources.URLConfigurationSource            [122] -- To enable URLs as dynamic configuration sources, define System property archaius.configurationSource.additionalUrls or make config.properties available on classpath.
2017-04-07 20:45:36,525 -- com.netflix.config.sources.URLConfigurationSource            [122] -- To enable URLs as dynamic configuration sources, define System property archaius.configurationSource.additionalUrls or make config.properties available on classpath.
2017-04-07 20:45:36,743 -- org.springframework.jmx.export.MBeanExporter                 [431] -- Registering beans for JMX exposure on startup
2017-04-07 20:45:36,744 -- org.springframework.jmx.export.MBeanExporter                 [912] -- Bean with name 'druidDataSource' has been autodetected for JMX exposure
2017-04-07 20:45:36,760 -- org.springframework.jmx.export.MBeanExporter                 [912] -- Bean with name 'connectionFactory' has been autodetected for JMX exposure
2017-04-07 20:45:36,762 -- org.springframework.jmx.export.MBeanExporter                 [912] -- Bean with name 'refreshScope' has been autodetected for JMX exposure
2017-04-07 20:45:36,763 -- org.springframework.jmx.export.MBeanExporter                 [912] -- Bean with name 'environmentManager' has been autodetected for JMX exposure
2017-04-07 20:45:36,766 -- org.springframework.jmx.export.MBeanExporter                 [912] -- Bean with name 'configurationPropertiesRebinder' has been autodetected for JMX exposure
2017-04-07 20:45:36,768 -- org.springframework.jmx.export.MBeanExporter                 [912] -- Bean with name 'refreshEndpoint' has been autodetected for JMX exposure
2017-04-07 20:45:36,769 -- org.springframework.jmx.export.MBeanExporter                 [912] -- Bean with name 'restartEndpoint' has been autodetected for JMX exposure
2017-04-07 20:45:36,773 -- org.springframework.jmx.export.MBeanExporter                 [674] -- Located managed bean 'environmentManager': registering with JMX server as MBean [org.springframework.cloud.context.environment:name=environmentManager,type=EnvironmentManager]
2017-04-07 20:45:36,795 -- org.springframework.jmx.export.MBeanExporter                 [674] -- Located managed bean 'restartEndpoint': registering with JMX server as MBean [org.springframework.cloud.context.restart:name=restartEndpoint,type=RestartEndpoint]
2017-04-07 20:45:36,819 -- org.springframework.jmx.export.MBeanExporter                 [674] -- Located managed bean 'connectionFactory': registering with JMX server as MBean [org.springframework.amqp.rabbit.connection:name=connectionFactory,type=CachingConnectionFactory]
2017-04-07 20:45:36,852 -- org.springframework.jmx.export.MBeanExporter                 [674] -- Located managed bean 'refreshScope': registering with JMX server as MBean [org.springframework.cloud.context.scope.refresh:name=refreshScope,type=RefreshScope]
2017-04-07 20:45:36,873 -- org.springframework.jmx.export.MBeanExporter                 [674] -- Located managed bean 'configurationPropertiesRebinder': registering with JMX server as MBean [org.springframework.cloud.context.properties:name=configurationPropertiesRebinder,context=62435e70,type=ConfigurationPropertiesRebinder]
2017-04-07 20:45:36,883 -- org.springframework.jmx.export.MBeanExporter                 [674] -- Located managed bean 'refreshEndpoint': registering with JMX server as MBean [org.springframework.cloud.endpoint:name=refreshEndpoint,type=RefreshEndpoint]
2017-04-07 20:45:36,886 -- org.springframework.jmx.export.MBeanExporter                 [667] -- Located MBean 'druidDataSource': registering with JMX server as MBean [com.alibaba.druid.pool:name=druidDataSource,type=DruidDataSource]
2017-04-07 20:45:36,889 -- org.springframework.jmx.export.MBeanExporter                 [431] -- Registering beans for JMX exposure on startup
2017-04-07 20:45:37,468 -- ork.context.support.DefaultLifecycleProcessor$LifecycleGroup [341] -- Starting beans in phase -2147482648
2017-04-07 20:45:37,469 -- ork.context.support.DefaultLifecycleProcessor$LifecycleGroup [341] -- Starting beans in phase 0
2017-04-07 20:45:37,483 -- org.springframework.cloud.netflix.eureka.InstanceInfoFactory [ 70] -- Setting initial instance status as: STARTING
2017-04-07 20:45:37,865 -- com.netflix.discovery.provider.DiscoveryJerseyProvider       [ 70] -- Using JSON encoding codec LegacyJacksonJson
2017-04-07 20:45:37,865 -- com.netflix.discovery.provider.DiscoveryJerseyProvider       [ 71] -- Using JSON decoding codec LegacyJacksonJson
2017-04-07 20:45:38,067 -- com.netflix.discovery.provider.DiscoveryJerseyProvider       [ 80] -- Using XML encoding codec XStreamXml
2017-04-07 20:45:38,068 -- com.netflix.discovery.provider.DiscoveryJerseyProvider       [ 81] -- Using XML decoding codec XStreamXml
2017-04-07 20:45:38,488 -- .netflix.discovery.shared.resolver.aws.ConfigClusterResolver [ 43] -- Resolving eureka endpoints via configuration
2017-04-07 20:45:38,524 -- com.netflix.discovery.DiscoveryClient                        [937] -- Disable delta property : false
2017-04-07 20:45:38,525 -- com.netflix.discovery.DiscoveryClient                        [938] -- Single vip registry refresh property : null
2017-04-07 20:45:38,526 -- com.netflix.discovery.DiscoveryClient                        [939] -- Force full registry fetch : false
2017-04-07 20:45:38,526 -- com.netflix.discovery.DiscoveryClient                        [940] -- Application is null : false
2017-04-07 20:45:38,526 -- com.netflix.discovery.DiscoveryClient                        [941] -- Registered Applications size is zero : true
2017-04-07 20:45:38,527 -- com.netflix.discovery.DiscoveryClient                        [943] -- Application version is -1: true
2017-04-07 20:45:38,527 -- com.netflix.discovery.DiscoveryClient                        [1026] -- Getting all instance registry info from the eureka server
2017-04-07 20:45:38,731 -- com.netflix.discovery.DiscoveryClient                        [1035] -- The response status is 200
2017-04-07 20:45:38,734 -- com.netflix.discovery.DiscoveryClient                        [1261] -- Starting heartbeat executor: renew interval is: 30
2017-04-07 20:45:38,737 -- com.netflix.discovery.InstanceInfoReplicator                 [ 59] -- InstanceInfoReplicator onDemand update allowed rate per min is 4
2017-04-07 20:45:38,741 -- com.netflix.discovery.DiscoveryClient                        [461] -- Discovery Client initialized at timestamp 1491569138741 with initial instances count: 2
2017-04-07 20:45:38,796 -- work.cloud.netflix.eureka.EurekaDiscoveryClientConfiguration [100] -- Registering application userCenter with eureka with status UP
2017-04-07 20:45:38,797 -- com.netflix.discovery.DiscoveryClient$3                      [1296] -- Saw local status change event StatusChangeEvent [timestamp=1491569138797, current=UP, previous=STARTING]
2017-04-07 20:45:38,803 -- com.netflix.discovery.DiscoveryClient                        [812] -- DiscoveryClient_USERCENTER/192.168.1.224:userCenter:8061: registering service...
2017-04-07 20:45:38,822 -- org.springframework.jmx.export.MBeanExporter                 [674] -- Located managed bean 'featuresEndpoint': registering with JMX server as MBean [org.springframework.boot:type=Endpoint,name=featuresEndpoint]
2017-04-07 20:45:38,838 -- org.springframework.jmx.export.MBeanExporter                 [674] -- Located managed bean 'requestMappingEndpoint': registering with JMX server as MBean [org.springframework.boot:type=Endpoint,name=requestMappingEndpoint]
2017-04-07 20:45:38,849 -- com.netflix.discovery.DiscoveryClient                        [821] -- DiscoveryClient_USERCENTER/192.168.1.224:userCenter:8061 - registration status: 204
2017-04-07 20:45:38,852 -- org.springframework.jmx.export.MBeanExporter                 [674] -- Located managed bean 'environmentEndpoint': registering with JMX server as MBean [org.springframework.boot:type=Endpoint,name=environmentEndpoint]
2017-04-07 20:45:38,857 -- org.springframework.jmx.export.MBeanExporter                 [674] -- Located managed bean 'healthEndpoint': registering with JMX server as MBean [org.springframework.boot:type=Endpoint,name=healthEndpoint]
2017-04-07 20:45:38,861 -- org.springframework.jmx.export.MBeanExporter                 [674] -- Located managed bean 'beansEndpoint': registering with JMX server as MBean [org.springframework.boot:type=Endpoint,name=beansEndpoint]
2017-04-07 20:45:38,865 -- org.springframework.jmx.export.MBeanExporter                 [674] -- Located managed bean 'infoEndpoint': registering with JMX server as MBean [org.springframework.boot:type=Endpoint,name=infoEndpoint]
2017-04-07 20:45:38,869 -- org.springframework.jmx.export.MBeanExporter                 [674] -- Located managed bean 'metricsEndpoint': registering with JMX server as MBean [org.springframework.boot:type=Endpoint,name=metricsEndpoint]
2017-04-07 20:45:38,875 -- org.springframework.jmx.export.MBeanExporter                 [674] -- Located managed bean 'traceEndpoint': registering with JMX server as MBean [org.springframework.boot:type=Endpoint,name=traceEndpoint]
2017-04-07 20:45:38,879 -- org.springframework.jmx.export.MBeanExporter                 [674] -- Located managed bean 'dumpEndpoint': registering with JMX server as MBean [org.springframework.boot:type=Endpoint,name=dumpEndpoint]
2017-04-07 20:45:38,883 -- org.springframework.jmx.export.MBeanExporter                 [674] -- Located managed bean 'autoConfigurationReportEndpoint': registering with JMX server as MBean [org.springframework.boot:type=Endpoint,name=autoConfigurationReportEndpoint]
2017-04-07 20:45:38,892 -- org.springframework.jmx.export.MBeanExporter                 [674] -- Located managed bean 'configurationPropertiesReportEndpoint': registering with JMX server as MBean [org.springframework.boot:type=Endpoint,name=configurationPropertiesReportEndpoint]
2017-04-07 20:45:38,896 -- org.springframework.jmx.export.MBeanExporter                 [674] -- Located managed bean 'archaiusEndpoint': registering with JMX server as MBean [org.springframework.boot:type=Endpoint,name=archaiusEndpoint]
2017-04-07 20:45:38,899 -- ork.context.support.DefaultLifecycleProcessor$LifecycleGroup [341] -- Starting beans in phase 2147483647
2017-04-07 20:45:44,043 -- .boot.context.embedded.tomcat.TomcatEmbeddedServletContainer [185] -- Tomcat started on port(s): 8061 (http)
2017-04-07 20:45:44,066 -- work.cloud.netflix.eureka.EurekaDiscoveryClientConfiguration [168] -- Updating port to 8061
2017-04-07 20:45:44,075 -- org.springframework.boot.StartupInfoLogger                   [ 57] -- Started App in 20.44 seconds (JVM running for 21.167)
2017-04-07 20:45:49,020 -- impleMessageListenerContainer$AsyncMessageProcessingConsumer [1453] -- Restarting Consumer: tags=[{}], channel=null, acknowledgeMode=AUTO local queue size=0
2017-04-07 20:45:59,094 -- impleMessageListenerContainer$AsyncMessageProcessingConsumer [1453] -- Restarting Consumer: tags=[{}], channel=null, acknowledgeMode=AUTO local queue size=0
2017-04-07 20:46:09,171 -- impleMessageListenerContainer$AsyncMessageProcessingConsumer [1453] -- Restarting Consumer: tags=[{}], channel=null, acknowledgeMode=AUTO local queue size=0
2017-04-07 20:46:19,291 -- impleMessageListenerContainer$AsyncMessageProcessingConsumer [1453] -- Restarting Consumer: tags=[{}], channel=null, acknowledgeMode=AUTO local queue size=0
2017-04-07 20:46:29,370 -- impleMessageListenerContainer$AsyncMessageProcessingConsumer [1453] -- Restarting Consumer: tags=[{}], channel=null, acknowledgeMode=AUTO local queue size=0
2017-04-07 20:46:39,556 -- impleMessageListenerContainer$AsyncMessageProcessingConsumer [1453] -- Restarting Consumer: tags=[{}], channel=null, acknowledgeMode=AUTO local queue size=0
2017-04-07 20:46:49,641 -- impleMessageListenerContainer$AsyncMessageProcessingConsumer [1453] -- Restarting Consumer: tags=[{}], channel=null, acknowledgeMode=AUTO local queue size=0
2017-04-07 20:46:59,711 -- impleMessageListenerContainer$AsyncMessageProcessingConsumer [1453] -- Restarting Consumer: tags=[{}], channel=null, acknowledgeMode=AUTO local queue size=0
2017-04-07 20:47:09,808 -- impleMessageListenerContainer$AsyncMessageProcessingConsumer [1453] -- Restarting Consumer: tags=[{}], channel=null, acknowledgeMode=AUTO local queue size=0
2017-04-07 20:47:19,897 -- impleMessageListenerContainer$AsyncMessageProcessingConsumer [1453] -- Restarting Consumer: tags=[{}], channel=null, acknowledgeMode=AUTO local queue size=0
2017-04-07 20:47:29,981 -- impleMessageListenerContainer$AsyncMessageProcessingConsumer [1453] -- Restarting Consumer: tags=[{}], channel=null, acknowledgeMode=AUTO local queue size=0
2017-04-07 20:47:34,418 -- org.apache.juli.logging.DirectJDKLog                         [179] -- Initializing Spring FrameworkServlet 'dispatcherServlet'
2017-04-07 20:47:34,445 -- org.springframework.web.servlet.FrameworkServlet             [489] -- FrameworkServlet 'dispatcherServlet': initialization started
2017-04-07 20:47:34,476 -- org.springframework.web.servlet.FrameworkServlet             [508] -- FrameworkServlet 'dispatcherServlet': initialization completed in 30 ms
2017-04-07 20:47:34,533 -- com.gjjf.commonservice.userCenter.Sender.UserSender          [ 23] -- henser 发送消息...
2017-04-07 20:47:40,067 -- impleMessageListenerContainer$AsyncMessageProcessingConsumer [1453] -- Restarting Consumer: tags=[{}], channel=null, acknowledgeMode=AUTO local queue size=0
2017-04-07 20:47:50,138 -- impleMessageListenerContainer$AsyncMessageProcessingConsumer [1453] -- Restarting Consumer: tags=[{}], channel=null, acknowledgeMode=AUTO local queue size=0
2017-04-07 20:48:00,262 -- impleMessageListenerContainer$AsyncMessageProcessingConsumer [1453] -- Restarting Consumer: tags=[{}], channel=null, acknowledgeMode=AUTO local queue size=0
2017-04-07 20:48:10,351 -- impleMessageListenerContainer$AsyncMessageProcessingConsumer [1453] -- Restarting Consumer: tags=[{}], channel=null, acknowledgeMode=AUTO local queue size=0
2017-04-07 20:48:20,450 -- impleMessageListenerContainer$AsyncMessageProcessingConsumer [1453] -- Restarting Consumer: tags=[{}], channel=null, acknowledgeMode=AUTO local queue size=0
2017-04-07 20:48:30,541 -- impleMessageListenerContainer$AsyncMessageProcessingConsumer [1453] -- Restarting Consumer: tags=[{}], channel=null, acknowledgeMode=AUTO local queue size=0
2017-04-07 20:48:40,647 -- impleMessageListenerContainer$AsyncMessageProcessingConsumer [1453] -- Restarting Consumer: tags=[{}], channel=null, acknowledgeMode=AUTO local queue size=0
2017-04-07 20:48:50,708 -- impleMessageListenerContainer$AsyncMessageProcessingConsumer [1453] -- Restarting Consumer: tags=[{}], channel=null, acknowledgeMode=AUTO local queue size=0
2017-04-07 20:49:00,777 -- impleMessageListenerContainer$AsyncMessageProcessingConsumer [1453] -- Restarting Consumer: tags=[{}], channel=null, acknowledgeMode=AUTO local queue size=0
2017-04-07 20:49:10,844 -- impleMessageListenerContainer$AsyncMessageProcessingConsumer [1453] -- Restarting Consumer: tags=[{}], channel=null, acknowledgeMode=AUTO local queue size=0
2017-04-07 20:49:20,911 -- impleMessageListenerContainer$AsyncMessageProcessingConsumer [1453] -- Restarting Consumer: tags=[{}], channel=null, acknowledgeMode=AUTO local queue size=0
2017-04-07 20:49:31,015 -- impleMessageListenerContainer$AsyncMessageProcessingConsumer [1453] -- Restarting Consumer: tags=[{}], channel=null, acknowledgeMode=AUTO local queue size=0
2017-04-07 20:49:41,196 -- impleMessageListenerContainer$AsyncMessageProcessingConsumer [1453] -- Restarting Consumer: tags=[{}], channel=null, acknowledgeMode=AUTO local queue size=0
2017-04-07 20:49:51,297 -- impleMessageListenerContainer$AsyncMessageProcessingConsumer [1453] -- Restarting Consumer: tags=[{}], channel=null, acknowledgeMode=AUTO local queue size=0
2017-04-07 20:50:01,377 -- impleMessageListenerContainer$AsyncMessageProcessingConsumer [1453] -- Restarting Consumer: tags=[{}], channel=null, acknowledgeMode=AUTO local queue size=0
2017-04-07 20:50:11,467 -- impleMessageListenerContainer$AsyncMessageProcessingConsumer [1453] -- Restarting Consumer: tags=[{}], channel=null, acknowledgeMode=AUTO local queue size=0
2017-04-07 20:50:21,545 -- impleMessageListenerContainer$AsyncMessageProcessingConsumer [1453] -- Restarting Consumer: tags=[{}], channel=null, acknowledgeMode=AUTO local queue size=0
2017-04-07 20:50:31,696 -- impleMessageListenerContainer$AsyncMessageProcessingConsumer [1453] -- Restarting Consumer: tags=[{}], channel=null, acknowledgeMode=AUTO local queue size=0
2017-04-07 20:50:38,540 -- .netflix.discovery.shared.resolver.aws.ConfigClusterResolver [ 43] -- Resolving eureka endpoints via configuration
2017-04-07 20:50:41,787 -- impleMessageListenerContainer$AsyncMessageProcessingConsumer [1453] -- Restarting Consumer: tags=[{}], channel=null, acknowledgeMode=AUTO local queue size=0
2017-04-07 20:50:51,878 -- impleMessageListenerContainer$AsyncMessageProcessingConsumer [1453] -- Restarting Consumer: tags=[{}], channel=null, acknowledgeMode=AUTO local queue size=0
2017-04-07 20:51:01,959 -- impleMessageListenerContainer$AsyncMessageProcessingConsumer [1453] -- Restarting Consumer: tags=[{}], channel=null, acknowledgeMode=AUTO local queue size=0
2017-04-07 20:51:12,106 -- impleMessageListenerContainer$AsyncMessageProcessingConsumer [1453] -- Restarting Consumer: tags=[{}], channel=null, acknowledgeMode=AUTO local queue size=0
2017-04-07 20:51:22,190 -- impleMessageListenerContainer$AsyncMessageProcessingConsumer [1453] -- Restarting Consumer: tags=[{}], channel=null, acknowledgeMode=AUTO local queue size=0
2017-04-07 20:51:32,327 -- impleMessageListenerContainer$AsyncMessageProcessingConsumer [1453] -- Restarting Consumer: tags=[{}], channel=null, acknowledgeMode=AUTO local queue size=0
2017-04-07 20:51:42,427 -- impleMessageListenerContainer$AsyncMessageProcessingConsumer [1453] -- Restarting Consumer: tags=[{}], channel=null, acknowledgeMode=AUTO local queue size=0
2017-04-07 20:51:52,515 -- impleMessageListenerContainer$AsyncMessageProcessingConsumer [1453] -- Restarting Consumer: tags=[{}], channel=null, acknowledgeMode=AUTO local queue size=0
2017-04-07 20:52:02,633 -- impleMessageListenerContainer$AsyncMessageProcessingConsumer [1453] -- Restarting Consumer: tags=[{}], channel=null, acknowledgeMode=AUTO local queue size=0
2017-04-07 20:52:12,736 -- impleMessageListenerContainer$AsyncMessageProcessingConsumer [1453] -- Restarting Consumer: tags=[{}], channel=null, acknowledgeMode=AUTO local queue size=0
2017-04-07 20:52:22,882 -- impleMessageListenerContainer$AsyncMessageProcessingConsumer [1453] -- Restarting Consumer: tags=[{}], channel=null, acknowledgeMode=AUTO local queue size=0
2017-04-07 20:52:32,985 -- impleMessageListenerContainer$AsyncMessageProcessingConsumer [1453] -- Restarting Consumer: tags=[{}], channel=null, acknowledgeMode=AUTO local queue size=0
2017-04-07 20:52:43,129 -- impleMessageListenerContainer$AsyncMessageProcessingConsumer [1453] -- Restarting Consumer: tags=[{}], channel=null, acknowledgeMode=AUTO local queue size=0
2017-04-07 20:52:53,224 -- impleMessageListenerContainer$AsyncMessageProcessingConsumer [1453] -- Restarting Consumer: tags=[{}], channel=null, acknowledgeMode=AUTO local queue size=0
2017-04-07 20:53:03,307 -- impleMessageListenerContainer$AsyncMessageProcessingConsumer [1453] -- Restarting Consumer: tags=[{}], channel=null, acknowledgeMode=AUTO local queue size=0
2017-04-07 20:53:13,444 -- impleMessageListenerContainer$AsyncMessageProcessingConsumer [1453] -- Restarting Consumer: tags=[{}], channel=null, acknowledgeMode=AUTO local queue size=0
2017-04-07 20:53:23,547 -- impleMessageListenerContainer$AsyncMessageProcessingConsumer [1453] -- Restarting Consumer: tags=[{}], channel=null, acknowledgeMode=AUTO local queue size=0
2017-04-07 20:53:33,640 -- impleMessageListenerContainer$AsyncMessageProcessingConsumer [1453] -- Restarting Consumer: tags=[{}], channel=null, acknowledgeMode=AUTO local queue size=0
2017-04-07 20:53:43,743 -- impleMessageListenerContainer$AsyncMessageProcessingConsumer [1453] -- Restarting Consumer: tags=[{}], channel=null, acknowledgeMode=AUTO local queue size=0
2017-04-07 20:53:53,862 -- impleMessageListenerContainer$AsyncMessageProcessingConsumer [1453] -- Restarting Consumer: tags=[{}], channel=null, acknowledgeMode=AUTO local queue size=0
2017-04-07 20:54:03,996 -- impleMessageListenerContainer$AsyncMessageProcessingConsumer [1453] -- Restarting Consumer: tags=[{}], channel=null, acknowledgeMode=AUTO local queue size=0
2017-04-07 20:54:14,078 -- impleMessageListenerContainer$AsyncMessageProcessingConsumer [1453] -- Restarting Consumer: tags=[{}], channel=null, acknowledgeMode=AUTO local queue size=0
2017-04-07 20:54:24,182 -- impleMessageListenerContainer$AsyncMessageProcessingConsumer [1453] -- Restarting Consumer: tags=[{}], channel=null, acknowledgeMode=AUTO local queue size=0
2017-04-07 20:54:34,271 -- impleMessageListenerContainer$AsyncMessageProcessingConsumer [1453] -- Restarting Consumer: tags=[{}], channel=null, acknowledgeMode=AUTO local queue size=0
2017-04-07 20:54:44,363 -- impleMessageListenerContainer$AsyncMessageProcessingConsumer [1453] -- Restarting Consumer: tags=[{}], channel=null, acknowledgeMode=AUTO local queue size=0
2017-04-07 20:54:54,439 -- impleMessageListenerContainer$AsyncMessageProcessingConsumer [1453] -- Restarting Consumer: tags=[{}], channel=null, acknowledgeMode=AUTO local queue size=0
2017-04-07 20:55:04,511 -- impleMessageListenerContainer$AsyncMessageProcessingConsumer [1453] -- Restarting Consumer: tags=[{}], channel=null, acknowledgeMode=AUTO local queue size=0
2017-04-07 20:55:14,593 -- impleMessageListenerContainer$AsyncMessageProcessingConsumer [1453] -- Restarting Consumer: tags=[{}], channel=null, acknowledgeMode=AUTO local queue size=0
2017-04-07 20:55:19,254 -- SpringApplicationAdminMXBeanRegistrar$SpringApplicationAdmin [125] -- Application shutdown requested.
2017-04-07 20:55:19,255 -- g.springframework.context.support.AbstractApplicationContext [982] -- Closing org.springframework.boot.context.embedded.AnnotationConfigEmbeddedWebApplicationContext@62435e70: startup date [Fri Apr 07 20:45:26 CST 2017]; parent: org.springframework.context.annotation.AnnotationConfigApplicationContext@43dac38f
2017-04-07 20:55:19,258 -- work.cloud.netflix.eureka.EurekaDiscoveryClientConfiguration [128] -- Unregistering application userCenter with eureka with status DOWN
2017-04-07 20:55:19,259 -- com.netflix.discovery.DiscoveryClient                        [812] -- DiscoveryClient_USERCENTER/192.168.1.224:userCenter:8061: registering service...
2017-04-07 20:55:19,260 -- com.netflix.discovery.DiscoveryClient                        [869] -- Shutting down DiscoveryClient ...
2017-04-07 20:55:19,262 -- com.netflix.discovery.DiscoveryClient                        [901] -- Unregistering ...
2017-04-07 20:55:19,277 -- com.netflix.discovery.DiscoveryClient                        [903] -- DiscoveryClient_USERCENTER/192.168.1.224:userCenter:8061 - deregister  status: 200
2017-04-07 20:55:19,278 -- com.netflix.discovery.DiscoveryClient                        [821] -- DiscoveryClient_USERCENTER/192.168.1.224:userCenter:8061 - registration status: 204
2017-04-07 20:55:19,287 -- com.netflix.discovery.DiscoveryClient                        [890] -- Completed shut down of DiscoveryClient
2017-04-07 20:55:19,291 -- ork.context.support.DefaultLifecycleProcessor$LifecycleGroup [356] -- Stopping beans in phase 2147483647
2017-04-07 20:55:19,294 -- ramework.amqp.rabbit.listener.SimpleMessageListenerContainer [847] -- Waiting for workers to finish.
2017-04-07 20:55:19,294 -- ramework.amqp.rabbit.listener.SimpleMessageListenerContainer [850] -- Successfully waited for workers to finish.
2017-04-07 20:55:19,295 -- ork.context.support.DefaultLifecycleProcessor$LifecycleGroup [356] -- Stopping beans in phase 0
2017-04-07 20:55:19,295 -- ork.context.support.DefaultLifecycleProcessor$LifecycleGroup [356] -- Stopping beans in phase -2147482648
2017-04-07 20:55:19,301 -- org.springframework.jmx.export.MBeanExporter                 [449] -- Unregistering JMX-exposed beans on shutdown
2017-04-07 20:55:19,301 -- org.springframework.jmx.support.MBeanRegistrationSupport     [241] -- Unregistering JMX-exposed beans
2017-04-07 20:55:19,302 -- org.springframework.jmx.export.MBeanExporter                 [449] -- Unregistering JMX-exposed beans on shutdown
2017-04-07 20:55:19,303 -- org.springframework.jmx.support.MBeanRegistrationSupport     [241] -- Unregistering JMX-exposed beans
2017-04-07 20:55:19,694 -- org.apache.juli.logging.DirectJDKLog                         [179] -- Stopping service Tomcat
2017-04-07 20:55:19,698 -- org.apache.juli.logging.DirectJDKLog                         [179] -- Destroying Spring FrameworkServlet 'dispatcherServlet'
2017-04-07 20:55:47,718 -- ework.cloud.config.client.ConfigServicePropertySourceLocator [ 80] -- Fetching config from server at: http://localhost:7001/
2017-04-07 20:55:48,277 -- ework.cloud.config.client.ConfigServicePropertySourceLocator [ 94] -- Located environment: name=jdbc,redis,rabbitmq, profiles=[dev], label=null, version=null, state=null
2017-04-07 20:55:48,278 -- .cloud.bootstrap.config.PropertySourceBootstrapConfiguration [ 93] -- Located property source: CompositePropertySource [name='configService', propertySources=[MapPropertySource [name='classpath:/rabbitmq-dev.properties'], MapPropertySource [name='classpath:/redis-dev.properties'], MapPropertySource [name='classpath:/jdbc-dev.properties']]]
2017-04-07 20:55:48,321 -- org.springframework.boot.SpringApplication                   [665] -- The following profiles are active: dev
2017-04-07 20:55:48,352 -- g.springframework.context.support.AbstractApplicationContext [581] -- Refreshing org.springframework.boot.context.embedded.AnnotationConfigEmbeddedWebApplicationContext@5d018107: startup date [Fri Apr 07 20:55:48 CST 2017]; parent: org.springframework.context.annotation.AnnotationConfigApplicationContext@43dac38f
2017-04-07 20:55:50,520 -- ework.data.repository.config.RepositoryConfigurationDelegate [170] -- Multiple Spring Data modules found, entering strict repository configuration mode!
2017-04-07 20:55:51,129 -- org.springframework.cloud.context.scope.GenericScope         [263] -- BeanFactory id=123268c8-af0a-3429-81bd-04984e37cac1
2017-04-07 20:55:51,152 -- eans.factory.annotation.AutowiredAnnotationBeanPostProcessor [155] -- JSR-330 'javax.inject.Inject' annotation found and supported for autowiring
2017-04-07 20:55:51,223 -- t.PostProcessorRegistrationDelegate$BeanPostProcessorChecker [328] -- Bean 'app' of type [class com.gjjf.commonservice.userCenter.App$$EnhancerBySpringCGLIB$$c0c4d881] is not eligible for getting processed by all BeanPostProcessors (for example: not eligible for auto-proxying)
2017-04-07 20:55:51,275 -- t.PostProcessorRegistrationDelegate$BeanPostProcessorChecker [328] -- Bean 'org.springframework.amqp.rabbit.annotation.RabbitBootstrapConfiguration' of type [class org.springframework.amqp.rabbit.annotation.RabbitBootstrapConfiguration$$EnhancerBySpringCGLIB$$40adb511] is not eligible for getting processed by all BeanPostProcessors (for example: not eligible for auto-proxying)
2017-04-07 20:55:51,426 -- t.PostProcessorRegistrationDelegate$BeanPostProcessorChecker [328] -- Bean 'org.springframework.transaction.annotation.ProxyTransactionManagementConfiguration' of type [class org.springframework.transaction.annotation.ProxyTransactionManagementConfiguration$$EnhancerBySpringCGLIB$$7a41f6e3] is not eligible for getting processed by all BeanPostProcessors (for example: not eligible for auto-proxying)
2017-04-07 20:55:51,489 -- t.PostProcessorRegistrationDelegate$BeanPostProcessorChecker [328] -- Bean 'org.springframework.cloud.autoconfigure.ConfigurationPropertiesRebinderAutoConfiguration' of type [class org.springframework.cloud.autoconfigure.ConfigurationPropertiesRebinderAutoConfiguration$$EnhancerBySpringCGLIB$$965bf9e0] is not eligible for getting processed by all BeanPostProcessors (for example: not eligible for auto-proxying)
2017-04-07 20:55:51,943 -- .boot.context.embedded.tomcat.TomcatEmbeddedServletContainer [ 87] -- Tomcat initialized with port(s): 8061 (http)
2017-04-07 20:55:51,961 -- org.apache.juli.logging.DirectJDKLog                         [179] -- Starting service Tomcat
2017-04-07 20:55:51,963 -- org.apache.juli.logging.DirectJDKLog                         [179] -- Starting Servlet Engine: Apache Tomcat/8.5.5
2017-04-07 20:55:52,337 -- org.apache.juli.logging.DirectJDKLog                         [179] -- Initializing Spring embedded WebApplicationContext
2017-04-07 20:55:52,337 -- ramework.boot.context.embedded.EmbeddedWebApplicationContext [276] -- Root WebApplicationContext: initialization completed in 3986 ms
2017-04-07 20:55:52,757 -- org.springframework.boot.web.servlet.ServletRegistrationBean [190] -- Mapping servlet: 'dispatcherServlet' to [/]
2017-04-07 20:55:52,763 -- ingframework.boot.web.servlet.AbstractFilterRegistrationBean [258] -- Mapping filter: 'metricsFilter' to: [/*]
2017-04-07 20:55:52,764 -- ingframework.boot.web.servlet.AbstractFilterRegistrationBean [258] -- Mapping filter: 'characterEncodingFilter' to: [/*]
2017-04-07 20:55:52,764 -- ingframework.boot.web.servlet.AbstractFilterRegistrationBean [258] -- Mapping filter: 'hiddenHttpMethodFilter' to: [/*]
2017-04-07 20:55:52,764 -- ingframework.boot.web.servlet.AbstractFilterRegistrationBean [258] -- Mapping filter: 'httpPutFormContentFilter' to: [/*]
2017-04-07 20:55:52,765 -- ingframework.boot.web.servlet.AbstractFilterRegistrationBean [258] -- Mapping filter: 'requestContextFilter' to: [/*]
2017-04-07 20:55:52,765 -- ingframework.boot.web.servlet.AbstractFilterRegistrationBean [258] -- Mapping filter: 'webRequestLoggingFilter' to: [/*]
2017-04-07 20:55:52,766 -- ingframework.boot.web.servlet.AbstractFilterRegistrationBean [258] -- Mapping filter: 'applicationContextIdFilter' to: [/*]
2017-04-07 20:55:53,914 -- com.gjjf.commonservice.userCenter.rabbitMq.RabbitMqQueue     [ 31] -- 会员中心消息队列的名称:"userCenter"
2017-04-07 20:55:53,923 -- com.gjjf.commonservice.userCenter.rabbitMq.RabbitMqQueue     [ 39] -- 会员信息消息队列的名称:userInfo
2017-04-07 20:55:54,888 -- b.servlet.mvc.method.annotation.RequestMappingHandlerAdapter [534] -- Looking for @ControllerAdvice: org.springframework.boot.context.embedded.AnnotationConfigEmbeddedWebApplicationContext@5d018107: startup date [Fri Apr 07 20:55:48 CST 2017]; parent: org.springframework.context.annotation.AnnotationConfigApplicationContext@43dac38f
2017-04-07 20:55:55,071 -- servlet.handler.AbstractHandlerMethodMapping$MappingRegistry [543] -- Mapped "{[/user/get],methods=[GET]}" onto public com.gjjf.framework.rest.Result com.gjjf.commonservice.userCenter.web.UserController.get(java.lang.Long)
2017-04-07 20:55:55,072 -- servlet.handler.AbstractHandlerMethodMapping$MappingRegistry [543] -- Mapped "{[/user/insert],methods=[POST]}" onto public com.gjjf.framework.rest.Result com.gjjf.commonservice.userCenter.web.UserController.insert(com.gjjf.userCenter.common.vo.user.UserVO)
2017-04-07 20:55:55,073 -- servlet.handler.AbstractHandlerMethodMapping$MappingRegistry [543] -- Mapped "{[/user/send],methods=[GET]}" onto public com.gjjf.framework.rest.Result com.gjjf.commonservice.userCenter.web.UserController.send(com.gjjf.userCenter.common.vo.user.UserVO)
2017-04-07 20:55:55,077 -- servlet.handler.AbstractHandlerMethodMapping$MappingRegistry [543] -- Mapped "{[/error]}" onto public org.springframework.http.ResponseEntity<java.util.Map<java.lang.String, java.lang.Object>> org.springframework.boot.autoconfigure.web.BasicErrorController.error(javax.servlet.http.HttpServletRequest)
2017-04-07 20:55:55,078 -- servlet.handler.AbstractHandlerMethodMapping$MappingRegistry [543] -- Mapped "{[/error],produces=[text/html]}" onto public org.springframework.web.servlet.ModelAndView org.springframework.boot.autoconfigure.web.BasicErrorController.errorHtml(javax.servlet.http.HttpServletRequest,javax.servlet.http.HttpServletResponse)
2017-04-07 20:55:55,153 -- pringframework.web.servlet.handler.AbstractUrlHandlerMapping [354] -- Mapped URL path [/webjars/**] onto handler of type [class org.springframework.web.servlet.resource.ResourceHttpRequestHandler]
2017-04-07 20:55:55,154 -- pringframework.web.servlet.handler.AbstractUrlHandlerMapping [354] -- Mapped URL path [/**] onto handler of type [class org.springframework.web.servlet.resource.ResourceHttpRequestHandler]
2017-04-07 20:55:55,244 -- pringframework.web.servlet.handler.AbstractUrlHandlerMapping [354] -- Mapped URL path [/**/favicon.ico] onto handler of type [class org.springframework.web.servlet.resource.ResourceHttpRequestHandler]
2017-04-07 20:55:56,499 -- servlet.handler.AbstractHandlerMethodMapping$MappingRegistry [543] -- Mapped "{[/restart || /restart.json],methods=[POST]}" onto public java.lang.Object org.springframework.cloud.context.restart.RestartMvcEndpoint.invoke()
2017-04-07 20:55:56,503 -- servlet.handler.AbstractHandlerMethodMapping$MappingRegistry [543] -- Mapped "{[/dump || /dump.json],methods=[GET],produces=[application/json]}" onto public java.lang.Object org.springframework.boot.actuate.endpoint.mvc.EndpointMvcAdapter.invoke()
2017-04-07 20:55:56,504 -- servlet.handler.AbstractHandlerMethodMapping$MappingRegistry [543] -- Mapped "{[/env],methods=[POST]}" onto public java.lang.Object org.springframework.cloud.context.environment.EnvironmentManagerMvcEndpoint.value(java.util.Map<java.lang.String, java.lang.String>)
2017-04-07 20:55:56,506 -- servlet.handler.AbstractHandlerMethodMapping$MappingRegistry [543] -- Mapped "{[/env/reset],methods=[POST]}" onto public java.util.Map<java.lang.String, java.lang.Object> org.springframework.cloud.context.environment.EnvironmentManagerMvcEndpoint.reset()
2017-04-07 20:55:56,507 -- servlet.handler.AbstractHandlerMethodMapping$MappingRegistry [543] -- Mapped "{[/pause || /pause.json],methods=[POST]}" onto public java.lang.Object org.springframework.cloud.endpoint.GenericPostableMvcEndpoint.invoke()
2017-04-07 20:55:56,509 -- servlet.handler.AbstractHandlerMethodMapping$MappingRegistry [543] -- Mapped "{[/env/{name:.*}],methods=[GET],produces=[application/json]}" onto public java.lang.Object org.springframework.boot.actuate.endpoint.mvc.EnvironmentMvcEndpoint.value(java.lang.String)
2017-04-07 20:55:56,510 -- servlet.handler.AbstractHandlerMethodMapping$MappingRegistry [543] -- Mapped "{[/env || /env.json],methods=[GET],produces=[application/json]}" onto public java.lang.Object org.springframework.boot.actuate.endpoint.mvc.EndpointMvcAdapter.invoke()
2017-04-07 20:55:56,511 -- servlet.handler.AbstractHandlerMethodMapping$MappingRegistry [543] -- Mapped "{[/metrics/{name:.*}],methods=[GET],produces=[application/json]}" onto public java.lang.Object org.springframework.boot.actuate.endpoint.mvc.MetricsMvcEndpoint.value(java.lang.String)
2017-04-07 20:55:56,512 -- servlet.handler.AbstractHandlerMethodMapping$MappingRegistry [543] -- Mapped "{[/metrics || /metrics.json],methods=[GET],produces=[application/json]}" onto public java.lang.Object org.springframework.boot.actuate.endpoint.mvc.EndpointMvcAdapter.invoke()
2017-04-07 20:55:56,513 -- servlet.handler.AbstractHandlerMethodMapping$MappingRegistry [543] -- Mapped "{[/features || /features.json],methods=[GET],produces=[application/json]}" onto public java.lang.Object org.springframework.boot.actuate.endpoint.mvc.EndpointMvcAdapter.invoke()
2017-04-07 20:55:56,514 -- servlet.handler.AbstractHandlerMethodMapping$MappingRegistry [543] -- Mapped "{[/archaius || /archaius.json],methods=[GET],produces=[application/json]}" onto public java.lang.Object org.springframework.boot.actuate.endpoint.mvc.EndpointMvcAdapter.invoke()
2017-04-07 20:55:56,517 -- servlet.handler.AbstractHandlerMethodMapping$MappingRegistry [543] -- Mapped "{[/refresh || /refresh.json],methods=[POST]}" onto public java.lang.Object org.springframework.cloud.endpoint.GenericPostableMvcEndpoint.invoke()
2017-04-07 20:55:56,520 -- servlet.handler.AbstractHandlerMethodMapping$MappingRegistry [543] -- Mapped "{[/info || /info.json],methods=[GET],produces=[application/json]}" onto public java.lang.Object org.springframework.boot.actuate.endpoint.mvc.EndpointMvcAdapter.invoke()
2017-04-07 20:55:56,524 -- servlet.handler.AbstractHandlerMethodMapping$MappingRegistry [543] -- Mapped "{[/autoconfig || /autoconfig.json],methods=[GET],produces=[application/json]}" onto public java.lang.Object org.springframework.boot.actuate.endpoint.mvc.EndpointMvcAdapter.invoke()
2017-04-07 20:55:56,525 -- servlet.handler.AbstractHandlerMethodMapping$MappingRegistry [543] -- Mapped "{[/resume || /resume.json],methods=[POST]}" onto public java.lang.Object org.springframework.cloud.endpoint.GenericPostableMvcEndpoint.invoke()
2017-04-07 20:55:56,526 -- servlet.handler.AbstractHandlerMethodMapping$MappingRegistry [543] -- Mapped "{[/heapdump || /heapdump.json],methods=[GET],produces=[application/octet-stream]}" onto public void org.springframework.boot.actuate.endpoint.mvc.HeapdumpMvcEndpoint.invoke(boolean,javax.servlet.http.HttpServletRequest,javax.servlet.http.HttpServletResponse) throws java.io.IOException,javax.servlet.ServletException
2017-04-07 20:55:56,527 -- servlet.handler.AbstractHandlerMethodMapping$MappingRegistry [543] -- Mapped "{[/health || /health.json],produces=[application/json]}" onto public java.lang.Object org.springframework.boot.actuate.endpoint.mvc.HealthMvcEndpoint.invoke(java.security.Principal)
2017-04-07 20:55:56,529 -- servlet.handler.AbstractHandlerMethodMapping$MappingRegistry [543] -- Mapped "{[/mappings || /mappings.json],methods=[GET],produces=[application/json]}" onto public java.lang.Object org.springframework.boot.actuate.endpoint.mvc.EndpointMvcAdapter.invoke()
2017-04-07 20:55:56,530 -- servlet.handler.AbstractHandlerMethodMapping$MappingRegistry [543] -- Mapped "{[/trace || /trace.json],methods=[GET],produces=[application/json]}" onto public java.lang.Object org.springframework.boot.actuate.endpoint.mvc.EndpointMvcAdapter.invoke()
2017-04-07 20:55:56,531 -- servlet.handler.AbstractHandlerMethodMapping$MappingRegistry [543] -- Mapped "{[/configprops || /configprops.json],methods=[GET],produces=[application/json]}" onto public java.lang.Object org.springframework.boot.actuate.endpoint.mvc.EndpointMvcAdapter.invoke()
2017-04-07 20:55:56,533 -- servlet.handler.AbstractHandlerMethodMapping$MappingRegistry [543] -- Mapped "{[/beans || /beans.json],methods=[GET],produces=[application/json]}" onto public java.lang.Object org.springframework.boot.actuate.endpoint.mvc.EndpointMvcAdapter.invoke()
2017-04-07 20:55:56,849 -- org.springframework.ui.freemarker.SpringTemplateLoader       [ 61] -- SpringTemplateLoader for FreeMarker: using resource loader [org.springframework.boot.context.embedded.AnnotationConfigEmbeddedWebApplicationContext@5d018107: startup date [Fri Apr 07 20:55:48 CST 2017]; parent: org.springframework.context.annotation.AnnotationConfigApplicationContext@43dac38f] and template loader path [classpath:/templates/]
2017-04-07 20:55:56,851 -- ngframework.web.servlet.view.freemarker.FreeMarkerConfigurer [127] -- ClassTemplateLoader for Spring macros added to FreeMarker configuration
2017-04-07 20:55:57,123 -- com.netflix.config.sources.URLConfigurationSource            [122] -- To enable URLs as dynamic configuration sources, define System property archaius.configurationSource.additionalUrls or make config.properties available on classpath.
2017-04-07 20:55:57,136 -- com.netflix.config.sources.URLConfigurationSource            [122] -- To enable URLs as dynamic configuration sources, define System property archaius.configurationSource.additionalUrls or make config.properties available on classpath.
2017-04-07 20:55:57,349 -- org.springframework.jmx.export.MBeanExporter                 [431] -- Registering beans for JMX exposure on startup
2017-04-07 20:55:57,352 -- org.springframework.jmx.export.MBeanExporter                 [912] -- Bean with name 'druidDataSource' has been autodetected for JMX exposure
2017-04-07 20:55:57,370 -- org.springframework.jmx.export.MBeanExporter                 [912] -- Bean with name 'refreshScope' has been autodetected for JMX exposure
2017-04-07 20:55:57,371 -- org.springframework.jmx.export.MBeanExporter                 [912] -- Bean with name 'environmentManager' has been autodetected for JMX exposure
2017-04-07 20:55:57,373 -- org.springframework.jmx.export.MBeanExporter                 [912] -- Bean with name 'rabbitConnectionFactory' has been autodetected for JMX exposure
2017-04-07 20:55:57,381 -- org.springframework.jmx.export.MBeanExporter                 [912] -- Bean with name 'configurationPropertiesRebinder' has been autodetected for JMX exposure
2017-04-07 20:55:57,382 -- org.springframework.jmx.export.MBeanExporter                 [912] -- Bean with name 'refreshEndpoint' has been autodetected for JMX exposure
2017-04-07 20:55:57,383 -- org.springframework.jmx.export.MBeanExporter                 [912] -- Bean with name 'restartEndpoint' has been autodetected for JMX exposure
2017-04-07 20:55:57,389 -- org.springframework.jmx.export.MBeanExporter                 [674] -- Located managed bean 'environmentManager': registering with JMX server as MBean [org.springframework.cloud.context.environment:name=environmentManager,type=EnvironmentManager]
2017-04-07 20:55:57,413 -- org.springframework.jmx.export.MBeanExporter                 [674] -- Located managed bean 'restartEndpoint': registering with JMX server as MBean [org.springframework.cloud.context.restart:name=restartEndpoint,type=RestartEndpoint]
2017-04-07 20:55:57,441 -- org.springframework.jmx.export.MBeanExporter                 [674] -- Located managed bean 'refreshScope': registering with JMX server as MBean [org.springframework.cloud.context.scope.refresh:name=refreshScope,type=RefreshScope]
2017-04-07 20:55:57,461 -- org.springframework.jmx.export.MBeanExporter                 [674] -- Located managed bean 'configurationPropertiesRebinder': registering with JMX server as MBean [org.springframework.cloud.context.properties:name=configurationPropertiesRebinder,context=5d018107,type=ConfigurationPropertiesRebinder]
2017-04-07 20:55:57,467 -- org.springframework.jmx.export.MBeanExporter                 [674] -- Located managed bean 'rabbitConnectionFactory': registering with JMX server as MBean [org.springframework.amqp.rabbit.connection:name=rabbitConnectionFactory,type=CachingConnectionFactory]
2017-04-07 20:55:57,488 -- org.springframework.jmx.export.MBeanExporter                 [674] -- Located managed bean 'refreshEndpoint': registering with JMX server as MBean [org.springframework.cloud.endpoint:name=refreshEndpoint,type=RefreshEndpoint]
2017-04-07 20:55:57,491 -- org.springframework.jmx.export.MBeanExporter                 [667] -- Located MBean 'druidDataSource': registering with JMX server as MBean [com.alibaba.druid.pool:name=druidDataSource,type=DruidDataSource]
2017-04-07 20:55:57,493 -- org.springframework.jmx.export.MBeanExporter                 [431] -- Registering beans for JMX exposure on startup
2017-04-07 20:55:57,940 -- ork.context.support.DefaultLifecycleProcessor$LifecycleGroup [341] -- Starting beans in phase -2147482648
2017-04-07 20:55:57,941 -- ork.context.support.DefaultLifecycleProcessor$LifecycleGroup [341] -- Starting beans in phase 0
2017-04-07 20:55:57,956 -- org.springframework.cloud.netflix.eureka.InstanceInfoFactory [ 70] -- Setting initial instance status as: STARTING
2017-04-07 20:55:58,298 -- com.netflix.discovery.provider.DiscoveryJerseyProvider       [ 70] -- Using JSON encoding codec LegacyJacksonJson
2017-04-07 20:55:58,299 -- com.netflix.discovery.provider.DiscoveryJerseyProvider       [ 71] -- Using JSON decoding codec LegacyJacksonJson
2017-04-07 20:55:58,517 -- com.netflix.discovery.provider.DiscoveryJerseyProvider       [ 80] -- Using XML encoding codec XStreamXml
2017-04-07 20:55:58,518 -- com.netflix.discovery.provider.DiscoveryJerseyProvider       [ 81] -- Using XML decoding codec XStreamXml
2017-04-07 20:55:59,006 -- .netflix.discovery.shared.resolver.aws.ConfigClusterResolver [ 43] -- Resolving eureka endpoints via configuration
2017-04-07 20:55:59,039 -- com.netflix.discovery.DiscoveryClient                        [937] -- Disable delta property : false
2017-04-07 20:55:59,040 -- com.netflix.discovery.DiscoveryClient                        [938] -- Single vip registry refresh property : null
2017-04-07 20:55:59,040 -- com.netflix.discovery.DiscoveryClient                        [939] -- Force full registry fetch : false
2017-04-07 20:55:59,041 -- com.netflix.discovery.DiscoveryClient                        [940] -- Application is null : false
2017-04-07 20:55:59,041 -- com.netflix.discovery.DiscoveryClient                        [941] -- Registered Applications size is zero : true
2017-04-07 20:55:59,042 -- com.netflix.discovery.DiscoveryClient                        [943] -- Application version is -1: true
2017-04-07 20:55:59,042 -- com.netflix.discovery.DiscoveryClient                        [1026] -- Getting all instance registry info from the eureka server
2017-04-07 20:55:59,251 -- com.netflix.discovery.DiscoveryClient                        [1035] -- The response status is 200
2017-04-07 20:55:59,253 -- com.netflix.discovery.DiscoveryClient                        [1261] -- Starting heartbeat executor: renew interval is: 30
2017-04-07 20:55:59,256 -- com.netflix.discovery.InstanceInfoReplicator                 [ 59] -- InstanceInfoReplicator onDemand update allowed rate per min is 4
2017-04-07 20:55:59,260 -- com.netflix.discovery.DiscoveryClient                        [461] -- Discovery Client initialized at timestamp 1491569759260 with initial instances count: 2
2017-04-07 20:55:59,321 -- work.cloud.netflix.eureka.EurekaDiscoveryClientConfiguration [100] -- Registering application userCenter with eureka with status UP
2017-04-07 20:55:59,325 -- com.netflix.discovery.DiscoveryClient$3                      [1296] -- Saw local status change event StatusChangeEvent [timestamp=1491569759325, current=UP, previous=STARTING]
2017-04-07 20:55:59,330 -- com.netflix.discovery.DiscoveryClient                        [812] -- DiscoveryClient_USERCENTER/192.168.1.224:userCenter:8061: registering service...
2017-04-07 20:55:59,339 -- org.springframework.jmx.export.MBeanExporter                 [674] -- Located managed bean 'featuresEndpoint': registering with JMX server as MBean [org.springframework.boot:type=Endpoint,name=featuresEndpoint]
2017-04-07 20:55:59,363 -- org.springframework.jmx.export.MBeanExporter                 [674] -- Located managed bean 'requestMappingEndpoint': registering with JMX server as MBean [org.springframework.boot:type=Endpoint,name=requestMappingEndpoint]
2017-04-07 20:55:59,368 -- org.springframework.jmx.export.MBeanExporter                 [674] -- Located managed bean 'environmentEndpoint': registering with JMX server as MBean [org.springframework.boot:type=Endpoint,name=environmentEndpoint]
2017-04-07 20:55:59,393 -- com.netflix.discovery.DiscoveryClient                        [821] -- DiscoveryClient_USERCENTER/192.168.1.224:userCenter:8061 - registration status: 204
2017-04-07 20:55:59,395 -- org.springframework.jmx.export.MBeanExporter                 [674] -- Located managed bean 'healthEndpoint': registering with JMX server as MBean [org.springframework.boot:type=Endpoint,name=healthEndpoint]
2017-04-07 20:55:59,400 -- org.springframework.jmx.export.MBeanExporter                 [674] -- Located managed bean 'beansEndpoint': registering with JMX server as MBean [org.springframework.boot:type=Endpoint,name=beansEndpoint]
2017-04-07 20:55:59,406 -- org.springframework.jmx.export.MBeanExporter                 [674] -- Located managed bean 'infoEndpoint': registering with JMX server as MBean [org.springframework.boot:type=Endpoint,name=infoEndpoint]
2017-04-07 20:55:59,411 -- org.springframework.jmx.export.MBeanExporter                 [674] -- Located managed bean 'metricsEndpoint': registering with JMX server as MBean [org.springframework.boot:type=Endpoint,name=metricsEndpoint]
2017-04-07 20:55:59,415 -- org.springframework.jmx.export.MBeanExporter                 [674] -- Located managed bean 'traceEndpoint': registering with JMX server as MBean [org.springframework.boot:type=Endpoint,name=traceEndpoint]
2017-04-07 20:55:59,419 -- org.springframework.jmx.export.MBeanExporter                 [674] -- Located managed bean 'dumpEndpoint': registering with JMX server as MBean [org.springframework.boot:type=Endpoint,name=dumpEndpoint]
2017-04-07 20:55:59,423 -- org.springframework.jmx.export.MBeanExporter                 [674] -- Located managed bean 'autoConfigurationReportEndpoint': registering with JMX server as MBean [org.springframework.boot:type=Endpoint,name=autoConfigurationReportEndpoint]
2017-04-07 20:55:59,428 -- org.springframework.jmx.export.MBeanExporter                 [674] -- Located managed bean 'configurationPropertiesReportEndpoint': registering with JMX server as MBean [org.springframework.boot:type=Endpoint,name=configurationPropertiesReportEndpoint]
2017-04-07 20:55:59,432 -- org.springframework.jmx.export.MBeanExporter                 [674] -- Located managed bean 'archaiusEndpoint': registering with JMX server as MBean [org.springframework.boot:type=Endpoint,name=archaiusEndpoint]
2017-04-07 20:55:59,435 -- ork.context.support.DefaultLifecycleProcessor$LifecycleGroup [341] -- Starting beans in phase 2147483647
2017-04-07 20:56:04,593 -- .boot.context.embedded.tomcat.TomcatEmbeddedServletContainer [185] -- Tomcat started on port(s): 8061 (http)
2017-04-07 20:56:04,594 -- work.cloud.netflix.eureka.EurekaDiscoveryClientConfiguration [168] -- Updating port to 8061
2017-04-07 20:56:04,607 -- org.springframework.boot.StartupInfoLogger                   [ 57] -- Started App in 18.887 seconds (JVM running for 19.968)
2017-04-07 20:56:09,550 -- impleMessageListenerContainer$AsyncMessageProcessingConsumer [1453] -- Restarting Consumer: tags=[{}], channel=null, acknowledgeMode=AUTO local queue size=0
2017-04-07 20:56:19,684 -- impleMessageListenerContainer$AsyncMessageProcessingConsumer [1453] -- Restarting Consumer: tags=[{}], channel=null, acknowledgeMode=AUTO local queue size=0
2017-04-07 20:56:29,758 -- impleMessageListenerContainer$AsyncMessageProcessingConsumer [1453] -- Restarting Consumer: tags=[{}], channel=null, acknowledgeMode=AUTO local queue size=0
2017-04-07 20:56:39,874 -- impleMessageListenerContainer$AsyncMessageProcessingConsumer [1453] -- Restarting Consumer: tags=[{}], channel=null, acknowledgeMode=AUTO local queue size=0
2017-04-07 20:56:49,958 -- impleMessageListenerContainer$AsyncMessageProcessingConsumer [1453] -- Restarting Consumer: tags=[{}], channel=null, acknowledgeMode=AUTO local queue size=0
2017-04-07 20:57:00,044 -- impleMessageListenerContainer$AsyncMessageProcessingConsumer [1453] -- Restarting Consumer: tags=[{}], channel=null, acknowledgeMode=AUTO local queue size=0
2017-04-07 20:57:10,133 -- impleMessageListenerContainer$AsyncMessageProcessingConsumer [1453] -- Restarting Consumer: tags=[{}], channel=null, acknowledgeMode=AUTO local queue size=0
2017-04-07 20:57:20,262 -- impleMessageListenerContainer$AsyncMessageProcessingConsumer [1453] -- Restarting Consumer: tags=[{}], channel=null, acknowledgeMode=AUTO local queue size=0
2017-04-07 20:57:30,346 -- impleMessageListenerContainer$AsyncMessageProcessingConsumer [1453] -- Restarting Consumer: tags=[{}], channel=null, acknowledgeMode=AUTO local queue size=0
2017-04-07 20:57:40,467 -- impleMessageListenerContainer$AsyncMessageProcessingConsumer [1453] -- Restarting Consumer: tags=[{}], channel=null, acknowledgeMode=AUTO local queue size=0
2017-04-07 20:57:50,634 -- impleMessageListenerContainer$AsyncMessageProcessingConsumer [1453] -- Restarting Consumer: tags=[{}], channel=null, acknowledgeMode=AUTO local queue size=0
2017-04-07 20:57:59,549 -- SpringApplicationAdminMXBeanRegistrar$SpringApplicationAdmin [125] -- Application shutdown requested.
2017-04-07 20:57:59,550 -- g.springframework.context.support.AbstractApplicationContext [982] -- Closing org.springframework.boot.context.embedded.AnnotationConfigEmbeddedWebApplicationContext@5d018107: startup date [Fri Apr 07 20:55:48 CST 2017]; parent: org.springframework.context.annotation.AnnotationConfigApplicationContext@43dac38f
2017-04-07 20:57:59,551 -- work.cloud.netflix.eureka.EurekaDiscoveryClientConfiguration [128] -- Unregistering application userCenter with eureka with status DOWN
2017-04-07 20:57:59,552 -- com.netflix.discovery.DiscoveryClient                        [812] -- DiscoveryClient_USERCENTER/192.168.1.224:userCenter:8061: registering service...
2017-04-07 20:57:59,552 -- com.netflix.discovery.DiscoveryClient                        [869] -- Shutting down DiscoveryClient ...
2017-04-07 20:57:59,553 -- com.netflix.discovery.DiscoveryClient                        [901] -- Unregistering ...
2017-04-07 20:57:59,617 -- com.netflix.discovery.DiscoveryClient                        [821] -- DiscoveryClient_USERCENTER/192.168.1.224:userCenter:8061 - registration status: 204
2017-04-07 20:57:59,617 -- com.netflix.discovery.DiscoveryClient                        [903] -- DiscoveryClient_USERCENTER/192.168.1.224:userCenter:8061 - deregister  status: 200
2017-04-07 20:57:59,622 -- com.netflix.discovery.DiscoveryClient                        [890] -- Completed shut down of DiscoveryClient
2017-04-07 20:57:59,626 -- ork.context.support.DefaultLifecycleProcessor$LifecycleGroup [356] -- Stopping beans in phase 2147483647
2017-04-07 20:57:59,629 -- ramework.amqp.rabbit.listener.SimpleMessageListenerContainer [847] -- Waiting for workers to finish.
2017-04-07 20:57:59,630 -- ramework.amqp.rabbit.listener.SimpleMessageListenerContainer [850] -- Successfully waited for workers to finish.
2017-04-07 20:57:59,631 -- ork.context.support.DefaultLifecycleProcessor$LifecycleGroup [356] -- Stopping beans in phase 0
2017-04-07 20:57:59,631 -- ork.context.support.DefaultLifecycleProcessor$LifecycleGroup [356] -- Stopping beans in phase -2147482648
2017-04-07 20:57:59,638 -- org.springframework.jmx.export.MBeanExporter                 [449] -- Unregistering JMX-exposed beans on shutdown
2017-04-07 20:57:59,641 -- org.springframework.jmx.support.MBeanRegistrationSupport     [241] -- Unregistering JMX-exposed beans
2017-04-07 20:57:59,642 -- org.springframework.jmx.export.MBeanExporter                 [449] -- Unregistering JMX-exposed beans on shutdown
2017-04-07 20:57:59,643 -- org.springframework.jmx.support.MBeanRegistrationSupport     [241] -- Unregistering JMX-exposed beans
2017-04-07 20:57:59,706 -- org.apache.juli.logging.DirectJDKLog                         [179] -- Stopping service Tomcat
